<?xml version="1.0" encoding="UTF-8"?>
<testsuite name="com.example.inovafin.ExampleUnitTest" tests="1" skipped="0" failures="0" errors="0" timestamp="2023-10-23T20:33:32" hostname="ERICK-DESKTOP" time="0.002">
  <properties/>
  <testcase name="addition_isCorrect" classname="com.example.inovafin.ExampleUnitTest" time="0.002"/>
  <system-out><![CDATA[]]></system-out>
  <system-err><![CDATA[]]></system-err>
</testsuite>
